  [1m[35m (219.6ms)[0m  [1m[35mCREATE TABLE "schema_migrations" ("version" varchar NOT NULL PRIMARY KEY)[0m
  [1m[35m (128.7ms)[0m  [1m[35mCREATE TABLE "ar_internal_metadata" ("key" varchar NOT NULL PRIMARY KEY, "value" varchar, "created_at" datetime NOT NULL, "updated_at" datetime NOT NULL)[0m
  [1m[36mActiveRecord::SchemaMigration Load (0.2ms)[0m  [1m[34mSELECT "schema_migrations".* FROM "schema_migrations"[0m
Migrating to CreatePosts (20170404205854)
  [1m[35m (0.1ms)[0m  [1m[36mbegin transaction[0m
  [1m[35m (1.5ms)[0m  [1m[35mCREATE TABLE "posts" ("id" INTEGER PRIMARY KEY AUTOINCREMENT NOT NULL, "title" varchar, "description" varchar, "upvotes" integer, "created_at" datetime NOT NULL, "updated_at" datetime NOT NULL)[0m
  [1m[35mSQL (0.1ms)[0m  [1m[32mINSERT INTO "schema_migrations" ("version") VALUES (?)[0m  [["version", "20170404205854"]]
  [1m[35m (227.1ms)[0m  [1m[36mcommit transaction[0m
Migrating to CreateUsers (20170404225959)
  [1m[35m (0.1ms)[0m  [1m[36mbegin transaction[0m
  [1m[35m (0.7ms)[0m  [1m[35mCREATE TABLE "users" ("id" INTEGER PRIMARY KEY AUTOINCREMENT NOT NULL, "provider" varchar, "uid" varchar, "name" varchar, "oauth_token" varchar, "oauth_expires_at" datetime, "created_at" datetime NOT NULL, "updated_at" datetime NOT NULL)[0m
  [1m[35mSQL (0.2ms)[0m  [1m[32mINSERT INTO "schema_migrations" ("version") VALUES (?)[0m  [["version", "20170404225959"]]
  [1m[35m (119.2ms)[0m  [1m[36mcommit transaction[0m
  [1m[36mActiveRecord::InternalMetadata Load (0.2ms)[0m  [1m[34mSELECT  "ar_internal_metadata".* FROM "ar_internal_metadata" WHERE "ar_internal_metadata"."key" = ? LIMIT ?[0m  [["key", :environment], ["LIMIT", 1]]
  [1m[35m (0.1ms)[0m  [1m[36mbegin transaction[0m
  [1m[35mSQL (1.6ms)[0m  [1m[32mINSERT INTO "ar_internal_metadata" ("key", "value", "created_at", "updated_at") VALUES (?, ?, ?, ?)[0m  [["key", "environment"], ["value", "development"], ["created_at", 2017-04-04 23:00:08 UTC], ["updated_at", 2017-04-04 23:00:08 UTC]]
  [1m[35m (117.6ms)[0m  [1m[36mcommit transaction[0m
  [1m[36mActiveRecord::SchemaMigration Load (0.1ms)[0m  [1m[34mSELECT "schema_migrations".* FROM "schema_migrations"[0m
Started GET "/" for 127.0.0.1 at 2017-04-04 19:03:02 -0400
Started GET "/" for 127.0.0.1 at 2017-04-04 19:03:02 -0400
  [1m[36mActiveRecord::SchemaMigration Load (0.3ms)[0m  [1m[34mSELECT "schema_migrations".* FROM "schema_migrations"[0m
  [1m[36mActiveRecord::SchemaMigration Load (0.6ms)[0m  [1m[34mSELECT "schema_migrations".* FROM "schema_migrations"[0m
Processing by LoginController#index as HTML
Processing by LoginController#index as HTML
  Rendering login/index.html.erb within layouts/application
  Rendering login/index.html.erb within layouts/application
  Rendered login/index.html.erb within layouts/application (4642.2ms)
Completed 200 OK in 4829ms (Views: 4748.6ms | ActiveRecord: 0.0ms)


  Rendered login/index.html.erb within layouts/application (4665.8ms)
Completed 200 OK in 4845ms (Views: 4775.3ms | ActiveRecord: 0.0ms)


Started GET "/auth/google_oauth2" for 127.0.0.1 at 2017-04-04 19:03:50 -0400
Started GET "/auth/google_oauth2" for 127.0.0.1 at 2017-04-04 19:03:50 -0400
Started GET "/auth/google_oauth2/callback?state=48d93af562c91a410c5ac39078468591cb43dc32e9777792&code=4/ipXDW97LjU6Booflze6UVTCxfrTLnKLcA0ekwpmyP0I" for 127.0.0.1 at 2017-04-04 19:03:50 -0400
Processing by SessionsController#create as HTML
  Parameters: {"state"=>"48d93af562c91a410c5ac39078468591cb43dc32e9777792", "code"=>"4/ipXDW97LjU6Booflze6UVTCxfrTLnKLcA0ekwpmyP0I", "provider"=>"google_oauth2"}
  [1m[36mUser Load (0.3ms)[0m  [1m[34mSELECT  "users".* FROM "users" WHERE "users"."provider" = ? AND "users"."uid" = ? ORDER BY "users"."id" ASC LIMIT ?[0m  [["provider", "google_oauth2"], ["uid", "108513084629689564112"], ["LIMIT", 1]]
  [1m[35m (0.1ms)[0m  [1m[36mbegin transaction[0m
  [1m[35mSQL (1.1ms)[0m  [1m[32mINSERT INTO "users" ("provider", "uid", "name", "oauth_token", "oauth_expires_at", "created_at", "updated_at") VALUES (?, ?, ?, ?, ?, ?, ?)[0m  [["provider", "google_oauth2"], ["uid", "108513084629689564112"], ["name", "Timothy Kim"], ["oauth_token", "ya29.GlsjBM-g0OBAGXf0W8d1iGEy5Jpd6XM-WZNM8r0mFR5Wcu7D1lhDFIgvyjwrOLK2IbLQRoavuRh7BiNCKiQY3adJ8BOccxE5PyW-BMM1jlS3kcNRw8-800lnGJt2"], ["oauth_expires_at", 2017-04-05 00:03:50 UTC], ["created_at", 2017-04-04 23:03:51 UTC], ["updated_at", 2017-04-04 23:03:51 UTC]]
  [1m[35m (203.7ms)[0m  [1m[36mcommit transaction[0m
Redirected to http://localhost:3000/posts
Completed 302 Found in 229ms (ActiveRecord: 206.1ms)


Started GET "/posts" for 127.0.0.1 at 2017-04-04 19:03:51 -0400
Processing by PostsController#index as HTML
  Rendering posts/index.html.erb within layouts/application
  Rendered posts/index.html.erb within layouts/application (31.6ms)
Completed 500 Internal Server Error in 39ms (ActiveRecord: 0.0ms)


  
ActionView::Template::Error (undefined method `each' for nil:NilClass):
    2: 
    3: <h1>Posts</h1>
    4: <%= link_to "Sign out", signout_path, id: "sign_out" %>
    5:     <% @users.each do |user| %>
    6:       <%= user.provider %>
    7:       <%= user.uid %>
    8:       <%= user.name %>
  
app/views/posts/index.html.erb:5:in `_app_views_posts_index_html_erb___347201421612048284_70214713966940'
  Rendering /var/lib/gems/2.3.0/gems/actionpack-5.0.2/lib/action_dispatch/middleware/templates/rescues/template_error.html.erb within rescues/layout
  Rendering /var/lib/gems/2.3.0/gems/actionpack-5.0.2/lib/action_dispatch/middleware/templates/rescues/_source.html.erb
  Rendered /var/lib/gems/2.3.0/gems/actionpack-5.0.2/lib/action_dispatch/middleware/templates/rescues/_source.html.erb (6.8ms)
  Rendering /var/lib/gems/2.3.0/gems/actionpack-5.0.2/lib/action_dispatch/middleware/templates/rescues/_trace.html.erb
  Rendered /var/lib/gems/2.3.0/gems/actionpack-5.0.2/lib/action_dispatch/middleware/templates/rescues/_trace.html.erb (2.8ms)
  Rendering /var/lib/gems/2.3.0/gems/actionpack-5.0.2/lib/action_dispatch/middleware/templates/rescues/_request_and_response.html.erb
  Rendered /var/lib/gems/2.3.0/gems/actionpack-5.0.2/lib/action_dispatch/middleware/templates/rescues/_request_and_response.html.erb (0.8ms)
  Rendered /var/lib/gems/2.3.0/gems/actionpack-5.0.2/lib/action_dispatch/middleware/templates/rescues/template_error.html.erb within rescues/layout (118.7ms)
Started GET "/" for 127.0.0.1 at 2017-04-04 19:05:15 -0400
Processing by LoginController#index as HTML
  Rendering login/index.html.erb within layouts/application
  [1m[36mUser Load (0.2ms)[0m  [1m[34mSELECT  "users".* FROM "users" WHERE "users"."id" = ? LIMIT ?[0m  [["id", 1], ["LIMIT", 1]]
  Rendered login/index.html.erb within layouts/application (63.6ms)
Completed 200 OK in 82ms (Views: 80.0ms | ActiveRecord: 0.2ms)


Started GET "/signout" for 127.0.0.1 at 2017-04-04 19:05:17 -0400
Processing by SessionsController#destroy as HTML
Redirected to http://localhost:3000/posts
Completed 302 Found in 2ms (ActiveRecord: 0.0ms)


Started GET "/posts" for 127.0.0.1 at 2017-04-04 19:05:17 -0400
Processing by PostsController#index as HTML
  Rendering posts/index.html.erb within layouts/application
  Rendered posts/index.html.erb within layouts/application (6.1ms)
Completed 500 Internal Server Error in 11ms (ActiveRecord: 0.0ms)


  
ActionView::Template::Error (undefined method `each' for nil:NilClass):
    2: 
    3: <h1>Posts</h1>
    4: <%= link_to "Sign out", signout_path, id: "sign_out" %>
    5:     <% @users.each do |user| %>
    6:       <%= user.provider %>
    7:       <%= user.uid %>
    8:       <%= user.name %>
  
app/views/posts/index.html.erb:5:in `_app_views_posts_index_html_erb___347201421612048284_70214718615440'
  Rendering /var/lib/gems/2.3.0/gems/actionpack-5.0.2/lib/action_dispatch/middleware/templates/rescues/template_error.html.erb within rescues/layout
  Rendering /var/lib/gems/2.3.0/gems/actionpack-5.0.2/lib/action_dispatch/middleware/templates/rescues/_source.html.erb
  Rendered /var/lib/gems/2.3.0/gems/actionpack-5.0.2/lib/action_dispatch/middleware/templates/rescues/_source.html.erb (12.4ms)
  Rendering /var/lib/gems/2.3.0/gems/actionpack-5.0.2/lib/action_dispatch/middleware/templates/rescues/_trace.html.erb
  Rendered /var/lib/gems/2.3.0/gems/actionpack-5.0.2/lib/action_dispatch/middleware/templates/rescues/_trace.html.erb (5.1ms)
  Rendering /var/lib/gems/2.3.0/gems/actionpack-5.0.2/lib/action_dispatch/middleware/templates/rescues/_request_and_response.html.erb
  Rendered /var/lib/gems/2.3.0/gems/actionpack-5.0.2/lib/action_dispatch/middleware/templates/rescues/_request_and_response.html.erb (1.8ms)
  Rendered /var/lib/gems/2.3.0/gems/actionpack-5.0.2/lib/action_dispatch/middleware/templates/rescues/template_error.html.erb within rescues/layout (52.5ms)
Started GET "/" for 127.0.0.1 at 2017-04-04 19:05:25 -0400
Processing by LoginController#index as HTML
  Rendering login/index.html.erb within layouts/application
  Rendered login/index.html.erb within layouts/application (40.6ms)
Completed 200 OK in 65ms (Views: 63.8ms | ActiveRecord: 0.0ms)


Started GET "/auth/google_oauth2" for 127.0.0.1 at 2017-04-04 19:05:27 -0400
Started GET "/auth/google_oauth2" for 127.0.0.1 at 2017-04-04 19:05:27 -0400
Started GET "/auth/google_oauth2/callback?state=7aa0ac3fe903dbae0ab0e6ea6638ada3c3dec1ffe089899c&code=4/zjCmx5rb855fAi33Ljs5lZlpSx3EgNFUvMdPijilj8w" for 127.0.0.1 at 2017-04-04 19:05:27 -0400
Processing by SessionsController#create as HTML
  Parameters: {"state"=>"7aa0ac3fe903dbae0ab0e6ea6638ada3c3dec1ffe089899c", "code"=>"4/zjCmx5rb855fAi33Ljs5lZlpSx3EgNFUvMdPijilj8w", "provider"=>"google_oauth2"}
  [1m[36mUser Load (0.2ms)[0m  [1m[34mSELECT  "users".* FROM "users" WHERE "users"."provider" = ? AND "users"."uid" = ? ORDER BY "users"."id" ASC LIMIT ?[0m  [["provider", "google_oauth2"], ["uid", "108513084629689564112"], ["LIMIT", 1]]
  [1m[35m (0.1ms)[0m  [1m[36mbegin transaction[0m
  [1m[35mSQL (1.0ms)[0m  [1m[33mUPDATE "users" SET "oauth_token" = ?, "oauth_expires_at" = ?, "updated_at" = ? WHERE "users"."id" = ?[0m  [["oauth_token", "ya29.GlsjBLRlK5zszswJmCHadR_q6iqluLU-vVJd9AuoSGP4tXqizqfdYoC8yv4FYZew3Y6imVtc9rw2TVycVLccIyNbgaZ2GSDm2q0V3YqPoLflxE-1nw5XB3bQsmz8"], ["oauth_expires_at", 2017-04-05 00:05:27 UTC], ["updated_at", 2017-04-04 23:05:27 UTC], ["id", 1]]
  [1m[35m (134.8ms)[0m  [1m[36mcommit transaction[0m
Redirected to http://localhost:3000/posts
Completed 302 Found in 141ms (ActiveRecord: 136.0ms)


Started GET "/posts" for 127.0.0.1 at 2017-04-04 19:05:28 -0400
Processing by PostsController#index as HTML
  Rendering posts/index.html.erb within layouts/application
  Rendered posts/index.html.erb within layouts/application (4.2ms)
Completed 500 Internal Server Error in 7ms (ActiveRecord: 0.0ms)


  
ActionView::Template::Error (undefined method `each' for nil:NilClass):
    2: 
    3: <h1>Posts</h1>
    4: <%= link_to "Sign out", signout_path, id: "sign_out" %>
    5:     <% @users.each do |user| %>
    6:       <%= user.provider %>
    7:       <%= user.uid %>
    8:       <%= user.name %>
  
app/views/posts/index.html.erb:5:in `_app_views_posts_index_html_erb___347201421612048284_70214574800080'
  Rendering /var/lib/gems/2.3.0/gems/actionpack-5.0.2/lib/action_dispatch/middleware/templates/rescues/template_error.html.erb within rescues/layout
  Rendering /var/lib/gems/2.3.0/gems/actionpack-5.0.2/lib/action_dispatch/middleware/templates/rescues/_source.html.erb
  Rendered /var/lib/gems/2.3.0/gems/actionpack-5.0.2/lib/action_dispatch/middleware/templates/rescues/_source.html.erb (5.7ms)
  Rendering /var/lib/gems/2.3.0/gems/actionpack-5.0.2/lib/action_dispatch/middleware/templates/rescues/_trace.html.erb
  Rendered /var/lib/gems/2.3.0/gems/actionpack-5.0.2/lib/action_dispatch/middleware/templates/rescues/_trace.html.erb (2.1ms)
  Rendering /var/lib/gems/2.3.0/gems/actionpack-5.0.2/lib/action_dispatch/middleware/templates/rescues/_request_and_response.html.erb
  Rendered /var/lib/gems/2.3.0/gems/actionpack-5.0.2/lib/action_dispatch/middleware/templates/rescues/_request_and_response.html.erb (1.1ms)
  Rendered /var/lib/gems/2.3.0/gems/actionpack-5.0.2/lib/action_dispatch/middleware/templates/rescues/template_error.html.erb within rescues/layout (25.7ms)
Started GET "/" for 127.0.0.1 at 2017-04-04 19:05:41 -0400
Processing by LoginController#index as HTML
  Rendering login/index.html.erb within layouts/application
  [1m[36mUser Load (0.5ms)[0m  [1m[34mSELECT  "users".* FROM "users" WHERE "users"."id" = ? LIMIT ?[0m  [["id", 1], ["LIMIT", 1]]
  Rendered login/index.html.erb within layouts/application (32.0ms)
Completed 200 OK in 43ms (Views: 41.6ms | ActiveRecord: 0.5ms)


Started GET "/signout" for 127.0.0.1 at 2017-04-04 19:05:42 -0400
Processing by SessionsController#destroy as HTML
Redirected to http://localhost:3000/posts
Completed 302 Found in 1ms (ActiveRecord: 0.0ms)


Started GET "/posts" for 127.0.0.1 at 2017-04-04 19:05:42 -0400
Processing by PostsController#index as HTML
  Rendering posts/index.html.erb within layouts/application
  [1m[36mPost Load (0.2ms)[0m  [1m[34mSELECT "posts".* FROM "posts"[0m
  Rendered posts/index.html.erb within layouts/application (5.0ms)
Completed 200 OK in 40ms (Views: 37.8ms | ActiveRecord: 0.5ms)


Started GET "/posts/new" for 127.0.0.1 at 2017-04-04 19:05:44 -0400
Processing by PostsController#new as HTML
  Rendering posts/new.html.erb within layouts/application
  Rendered posts/_form.html.erb (90.7ms)
  Rendered posts/new.html.erb within layouts/application (94.2ms)
Completed 200 OK in 134ms (Views: 125.1ms | ActiveRecord: 0.6ms)


Started GET "/" for 127.0.0.1 at 2017-04-04 19:05:47 -0400
Processing by LoginController#index as HTML
  Rendering login/index.html.erb within layouts/application
  Rendered login/index.html.erb within layouts/application (55.3ms)
Completed 200 OK in 77ms (Views: 75.2ms | ActiveRecord: 0.0ms)


Started GET "/auth/google_oauth2" for 127.0.0.1 at 2017-04-04 19:05:49 -0400
Started GET "/auth/google_oauth2" for 127.0.0.1 at 2017-04-04 19:05:49 -0400
Started GET "/auth/google_oauth2/callback?state=3b28f7110f1bee1d7d1fcb44aef6c318dab08add2ea39579&code=4/4POp53gw4qJXQZYl1h87su24bY8yx03Xaz7nZG6_VfU" for 127.0.0.1 at 2017-04-04 19:05:49 -0400
Processing by SessionsController#create as HTML
  Parameters: {"state"=>"3b28f7110f1bee1d7d1fcb44aef6c318dab08add2ea39579", "code"=>"4/4POp53gw4qJXQZYl1h87su24bY8yx03Xaz7nZG6_VfU", "provider"=>"google_oauth2"}
  [1m[36mUser Load (0.2ms)[0m  [1m[34mSELECT  "users".* FROM "users" WHERE "users"."provider" = ? AND "users"."uid" = ? ORDER BY "users"."id" ASC LIMIT ?[0m  [["provider", "google_oauth2"], ["uid", "108513084629689564112"], ["LIMIT", 1]]
  [1m[35m (0.1ms)[0m  [1m[36mbegin transaction[0m
  [1m[35mSQL (0.4ms)[0m  [1m[33mUPDATE "users" SET "oauth_token" = ?, "oauth_expires_at" = ?, "updated_at" = ? WHERE "users"."id" = ?[0m  [["oauth_token", "ya29.GlsjBLKSvvw3ydI4srwhzGv0gSwfVpLVhDspAGvd3lAx5h8F458_03AFXOdvE0Z86gJ7NbazVj1t6wcXKNsUlYLFABgjNouLfoTeRcBrJvR4cWiqSZ39KyOGjuvH"], ["oauth_expires_at", 2017-04-05 00:05:49 UTC], ["updated_at", 2017-04-04 23:05:49 UTC], ["id", 1]]
  [1m[35m (109.7ms)[0m  [1m[36mcommit transaction[0m
Redirected to http://localhost:3000/posts
Completed 302 Found in 116ms (ActiveRecord: 110.4ms)


Started GET "/posts" for 127.0.0.1 at 2017-04-04 19:05:49 -0400
Processing by PostsController#index as HTML
  Rendering posts/index.html.erb within layouts/application
  [1m[36mPost Load (0.2ms)[0m  [1m[34mSELECT "posts".* FROM "posts"[0m
  Rendered posts/index.html.erb within layouts/application (2.1ms)
Completed 200 OK in 41ms (Views: 38.9ms | ActiveRecord: 0.2ms)


Started GET "/posts" for 127.0.0.1 at 2017-04-04 19:07:05 -0400
Processing by PostsController#index as HTML
  Rendering posts/index.html.erb within layouts/application
  Rendered posts/index.html.erb within layouts/application (7.0ms)
Completed 500 Internal Server Error in 14ms (ActiveRecord: 0.0ms)


  
ActionView::Template::Error (undefined method `each' for nil:NilClass):
    2: 
    3: <h1>Posts</h1>
    4: <%= link_to "Sign out", signout_path, id: "sign_out" %>
    5:     <% @users.each do |user| %>
    6:       <%= user.provider %>
    7:       <%= user.uid %>
    8:       <%= user.name %>
  
app/views/posts/index.html.erb:5:in `_app_views_posts_index_html_erb___347201421612048284_70214708667000'
  Rendering /var/lib/gems/2.3.0/gems/actionpack-5.0.2/lib/action_dispatch/middleware/templates/rescues/template_error.html.erb within rescues/layout
  Rendering /var/lib/gems/2.3.0/gems/actionpack-5.0.2/lib/action_dispatch/middleware/templates/rescues/_source.html.erb
  Rendered /var/lib/gems/2.3.0/gems/actionpack-5.0.2/lib/action_dispatch/middleware/templates/rescues/_source.html.erb (11.5ms)
  Rendering /var/lib/gems/2.3.0/gems/actionpack-5.0.2/lib/action_dispatch/middleware/templates/rescues/_trace.html.erb
  Rendered /var/lib/gems/2.3.0/gems/actionpack-5.0.2/lib/action_dispatch/middleware/templates/rescues/_trace.html.erb (4.9ms)
  Rendering /var/lib/gems/2.3.0/gems/actionpack-5.0.2/lib/action_dispatch/middleware/templates/rescues/_request_and_response.html.erb
  Rendered /var/lib/gems/2.3.0/gems/actionpack-5.0.2/lib/action_dispatch/middleware/templates/rescues/_request_and_response.html.erb (1.1ms)
  Rendered /var/lib/gems/2.3.0/gems/actionpack-5.0.2/lib/action_dispatch/middleware/templates/rescues/template_error.html.erb within rescues/layout (47.0ms)
Started GET "/posts" for 127.0.0.1 at 2017-04-04 19:07:14 -0400
Processing by PostsController#index as HTML
  Rendering posts/index.html.erb within layouts/application
  [1m[36mPost Load (0.2ms)[0m  [1m[34mSELECT "posts".* FROM "posts"[0m
  Rendered posts/index.html.erb within layouts/application (3.1ms)
Completed 200 OK in 73ms (Views: 69.8ms | ActiveRecord: 0.2ms)


Started GET "/signout" for 127.0.0.1 at 2017-04-04 19:07:20 -0400
Processing by SessionsController#destroy as HTML
Redirected to http://localhost:3000/posts
Completed 302 Found in 2ms (ActiveRecord: 0.0ms)


Started GET "/posts" for 127.0.0.1 at 2017-04-04 19:07:20 -0400
Processing by PostsController#index as HTML
  Rendering posts/index.html.erb within layouts/application
  [1m[36mPost Load (0.3ms)[0m  [1m[34mSELECT "posts".* FROM "posts"[0m
  Rendered posts/index.html.erb within layouts/application (2.5ms)
Completed 200 OK in 45ms (Views: 42.6ms | ActiveRecord: 0.3ms)


Started GET "/signout" for 127.0.0.1 at 2017-04-04 19:07:22 -0400
Processing by SessionsController#destroy as HTML
Redirected to http://localhost:3000/posts
Completed 302 Found in 2ms (ActiveRecord: 0.0ms)


Started GET "/posts" for 127.0.0.1 at 2017-04-04 19:07:22 -0400
Processing by PostsController#index as HTML
  Rendering posts/index.html.erb within layouts/application
  [1m[36mPost Load (0.5ms)[0m  [1m[34mSELECT "posts".* FROM "posts"[0m
  Rendered posts/index.html.erb within layouts/application (3.9ms)
Completed 200 OK in 84ms (Views: 80.9ms | ActiveRecord: 0.5ms)


Started GET "/posts" for 127.0.0.1 at 2017-04-04 19:08:37 -0400
Processing by PostsController#index as HTML
  Rendering posts/index.html.erb within layouts/application
  [1m[36mPost Load (0.4ms)[0m  [1m[34mSELECT "posts".* FROM "posts"[0m
  Rendered posts/index.html.erb within layouts/application (2.9ms)
Completed 200 OK in 44ms (Views: 38.6ms | ActiveRecord: 0.7ms)


Started GET "/" for 127.0.0.1 at 2017-04-04 19:08:40 -0400
Processing by LoginController#index as HTML
  Rendering login/index.html.erb within layouts/application
  Rendered login/index.html.erb within layouts/application (42.6ms)
Completed 200 OK in 64ms (Views: 62.6ms | ActiveRecord: 0.0ms)


Started GET "/auth/google_oauth2" for 127.0.0.1 at 2017-04-04 19:08:41 -0400
Started GET "/auth/google_oauth2" for 127.0.0.1 at 2017-04-04 19:08:41 -0400
Started GET "/auth/google_oauth2/callback?state=f105ce337849763eedf9e6df570a429a5a6291cd1c007f9f&code=4/B0Es-0DN1oRuQZz0zyNmOnKjXXWxE6azAAdAan1Sr_k" for 127.0.0.1 at 2017-04-04 19:08:41 -0400
Processing by SessionsController#create as HTML
  Parameters: {"state"=>"f105ce337849763eedf9e6df570a429a5a6291cd1c007f9f", "code"=>"4/B0Es-0DN1oRuQZz0zyNmOnKjXXWxE6azAAdAan1Sr_k", "provider"=>"google_oauth2"}
  [1m[36mUser Load (0.3ms)[0m  [1m[34mSELECT  "users".* FROM "users" WHERE "users"."provider" = ? AND "users"."uid" = ? ORDER BY "users"."id" ASC LIMIT ?[0m  [["provider", "google_oauth2"], ["uid", "108513084629689564112"], ["LIMIT", 1]]
  [1m[35m (0.1ms)[0m  [1m[36mbegin transaction[0m
  [1m[35mSQL (1.6ms)[0m  [1m[33mUPDATE "users" SET "oauth_token" = ?, "oauth_expires_at" = ?, "updated_at" = ? WHERE "users"."id" = ?[0m  [["oauth_token", "ya29.GlsjBPoeJcOtzqq5J3J_M2mXeUb1_ok_uCi3Om4mWkNVGTWLVTz7Mbpe3sMu6YYc-r7aCvB2Yvd-cFjzyjUdod_CdKq3v2A-ahapIevdx9nkoJWpaaxoDTa4w_UU"], ["oauth_expires_at", 2017-04-05 00:08:41 UTC], ["updated_at", 2017-04-04 23:08:42 UTC], ["id", 1]]
  [1m[35m (115.2ms)[0m  [1m[36mcommit transaction[0m
Redirected to http://localhost:3000/posts
Completed 302 Found in 156ms (ActiveRecord: 118.7ms)


Started GET "/posts" for 127.0.0.1 at 2017-04-04 19:08:42 -0400
Processing by PostsController#index as HTML
  Rendering posts/index.html.erb within layouts/application
  [1m[36mPost Load (0.3ms)[0m  [1m[34mSELECT "posts".* FROM "posts"[0m
  Rendered posts/index.html.erb within layouts/application (3.1ms)
Completed 200 OK in 59ms (Views: 56.1ms | ActiveRecord: 0.3ms)


Started GET "/signout" for 127.0.0.1 at 2017-04-04 19:08:43 -0400
Processing by SessionsController#destroy as HTML
Redirected to http://localhost:3000/posts
Completed 302 Found in 1ms (ActiveRecord: 0.0ms)


Started GET "/posts" for 127.0.0.1 at 2017-04-04 19:08:43 -0400
Processing by PostsController#index as HTML
  Rendering posts/index.html.erb within layouts/application
  [1m[36mPost Load (0.7ms)[0m  [1m[34mSELECT "posts".* FROM "posts"[0m
  Rendered posts/index.html.erb within layouts/application (8.7ms)
Completed 200 OK in 70ms (Views: 67.7ms | ActiveRecord: 0.7ms)


Started GET "/signout" for 127.0.0.1 at 2017-04-04 19:08:44 -0400
Processing by SessionsController#destroy as HTML
Redirected to http://localhost:3000/posts
Completed 302 Found in 2ms (ActiveRecord: 0.0ms)


Started GET "/posts" for 127.0.0.1 at 2017-04-04 19:08:44 -0400
Processing by PostsController#index as HTML
  Rendering posts/index.html.erb within layouts/application
  [1m[36mPost Load (0.9ms)[0m  [1m[34mSELECT "posts".* FROM "posts"[0m
  Rendered posts/index.html.erb within layouts/application (3.7ms)
Completed 200 OK in 54ms (Views: 51.1ms | ActiveRecord: 0.9ms)


Started GET "/" for 127.0.0.1 at 2017-04-04 19:09:13 -0400
Processing by LoginController#index as HTML
  Rendering login/index.html.erb within layouts/application
  Rendered login/index.html.erb within layouts/application (40.0ms)
Completed 200 OK in 56ms (Views: 54.3ms | ActiveRecord: 0.0ms)


Started GET "/auth/google_oauth2" for 127.0.0.1 at 2017-04-04 19:09:14 -0400
Started GET "/auth/google_oauth2" for 127.0.0.1 at 2017-04-04 19:09:14 -0400
Started GET "/auth/google_oauth2/callback?state=6124eb5c89ffcf2a3cd8bae1849f1e18f8a5f96514434455&code=4/19TrnHJvrye4NzL1aDBN3BU1C_lPjLCtzMiPHQjF_rk" for 127.0.0.1 at 2017-04-04 19:09:21 -0400
Processing by SessionsController#create as HTML
  Parameters: {"state"=>"6124eb5c89ffcf2a3cd8bae1849f1e18f8a5f96514434455", "code"=>"4/19TrnHJvrye4NzL1aDBN3BU1C_lPjLCtzMiPHQjF_rk", "provider"=>"google_oauth2"}
  [1m[36mUser Load (1.3ms)[0m  [1m[34mSELECT  "users".* FROM "users" WHERE "users"."provider" = ? AND "users"."uid" = ? ORDER BY "users"."id" ASC LIMIT ?[0m  [["provider", "google_oauth2"], ["uid", "108513084629689564112"], ["LIMIT", 1]]
  [1m[35m (0.4ms)[0m  [1m[36mbegin transaction[0m
  [1m[35mSQL (2.1ms)[0m  [1m[33mUPDATE "users" SET "oauth_token" = ?, "oauth_expires_at" = ?, "updated_at" = ? WHERE "users"."id" = ?[0m  [["oauth_token", "ya29.GlsjBKSywKXO1QrQRuMk9qHxYsBPkwMdrhixKRnXHFf3OJOkRkywa7LxovzCen0cDuRbLnNZ6GZ3fQyMzqIX8NWsw4CXmnkXdoGn3MopV_gl3utmKHQv8P2rcn5X"], ["oauth_expires_at", 2017-04-05 00:09:21 UTC], ["updated_at", 2017-04-04 23:09:22 UTC], ["id", 1]]
  [1m[35m (123.8ms)[0m  [1m[36mcommit transaction[0m
Redirected to http://localhost:3000/posts
Completed 302 Found in 135ms (ActiveRecord: 127.6ms)


Started GET "/posts" for 127.0.0.1 at 2017-04-04 19:09:22 -0400
Processing by PostsController#index as HTML
  Rendering posts/index.html.erb within layouts/application
  [1m[36mPost Load (0.1ms)[0m  [1m[34mSELECT "posts".* FROM "posts"[0m
  Rendered posts/index.html.erb within layouts/application (1.3ms)
Completed 200 OK in 34ms (Views: 33.3ms | ActiveRecord: 0.1ms)


Started GET "/signout" for 127.0.0.1 at 2017-04-04 19:09:24 -0400
Processing by SessionsController#destroy as HTML
Redirected to http://localhost:3000/posts
Completed 302 Found in 1ms (ActiveRecord: 0.0ms)


Started GET "/posts" for 127.0.0.1 at 2017-04-04 19:09:24 -0400
Processing by PostsController#index as HTML
  Rendering posts/index.html.erb within layouts/application
  [1m[36mPost Load (0.5ms)[0m  [1m[34mSELECT "posts".* FROM "posts"[0m
  Rendered posts/index.html.erb within layouts/application (3.4ms)
Completed 200 OK in 38ms (Views: 33.9ms | ActiveRecord: 0.5ms)


Started GET "/signout" for 127.0.0.1 at 2017-04-04 19:09:25 -0400
Processing by SessionsController#destroy as HTML
Redirected to http://localhost:3000/posts
Completed 302 Found in 1ms (ActiveRecord: 0.0ms)


Started GET "/posts" for 127.0.0.1 at 2017-04-04 19:09:25 -0400
Processing by PostsController#index as HTML
  Rendering posts/index.html.erb within layouts/application
  [1m[36mPost Load (0.3ms)[0m  [1m[34mSELECT "posts".* FROM "posts"[0m
  Rendered posts/index.html.erb within layouts/application (3.0ms)
Completed 200 OK in 41ms (Views: 39.2ms | ActiveRecord: 0.3ms)


Started GET "/posts" for 127.0.0.1 at 2017-04-04 19:10:51 -0400
Processing by PostsController#index as HTML
  Rendering posts/index.html.erb within layouts/application
  [1m[36mPost Load (1.0ms)[0m  [1m[34mSELECT "posts".* FROM "posts"[0m
  Rendered posts/index.html.erb within layouts/application (8.4ms)
Completed 200 OK in 109ms (Views: 82.4ms | ActiveRecord: 1.5ms)


Started GET "/signout" for 127.0.0.1 at 2017-04-04 19:10:52 -0400
Processing by SessionsController#destroy as HTML
Redirected to http://localhost:3000/posts
Completed 302 Found in 2ms (ActiveRecord: 0.0ms)


Started GET "/posts" for 127.0.0.1 at 2017-04-04 19:10:52 -0400
Processing by PostsController#index as HTML
  Rendering posts/index.html.erb within layouts/application
  [1m[36mPost Load (0.7ms)[0m  [1m[34mSELECT "posts".* FROM "posts"[0m
  Rendered posts/index.html.erb within layouts/application (4.3ms)
Completed 200 OK in 72ms (Views: 67.4ms | ActiveRecord: 0.7ms)


Started GET "/signout" for 127.0.0.1 at 2017-04-04 19:10:53 -0400
Processing by SessionsController#destroy as HTML
Redirected to http://localhost:3000/posts
Completed 302 Found in 6ms (ActiveRecord: 0.0ms)


Started GET "/posts" for 127.0.0.1 at 2017-04-04 19:10:53 -0400
Processing by PostsController#index as HTML
  Rendering posts/index.html.erb within layouts/application
  [1m[36mPost Load (0.3ms)[0m  [1m[34mSELECT "posts".* FROM "posts"[0m
  Rendered posts/index.html.erb within layouts/application (7.6ms)
Completed 200 OK in 93ms (Views: 90.7ms | ActiveRecord: 0.3ms)


Started GET "/posts" for 127.0.0.1 at 2017-04-04 19:11:15 -0400
Processing by PostsController#index as HTML
  Rendering posts/index.html.erb within layouts/application
  [1m[36mPost Load (0.8ms)[0m  [1m[34mSELECT "posts".* FROM "posts"[0m
  Rendered posts/index.html.erb within layouts/application (8.4ms)
Completed 200 OK in 82ms (Views: 71.6ms | ActiveRecord: 1.6ms)


Started GET "/signout" for 127.0.0.1 at 2017-04-04 19:11:17 -0400
  
ActionController::RoutingError (uninitialized constant ApplicationControllerposts):
  
app/controllers/sessions_controller.rb:1:in `<top (required)>'
  Rendering /var/lib/gems/2.3.0/gems/actionpack-5.0.2/lib/action_dispatch/middleware/templates/rescues/routing_error.html.erb within rescues/layout
  Rendering /var/lib/gems/2.3.0/gems/actionpack-5.0.2/lib/action_dispatch/middleware/templates/rescues/_trace.html.erb
  Rendered /var/lib/gems/2.3.0/gems/actionpack-5.0.2/lib/action_dispatch/middleware/templates/rescues/_trace.html.erb (3.3ms)
  Rendered collection of /var/lib/gems/2.3.0/gems/actionpack-5.0.2/lib/action_dispatch/middleware/templates/routes/_route.html.erb [15 times] (56.6ms)
  Rendered /var/lib/gems/2.3.0/gems/actionpack-5.0.2/lib/action_dispatch/middleware/templates/routes/_table.html.erb (10.1ms)
  Rendering /var/lib/gems/2.3.0/gems/actionpack-5.0.2/lib/action_dispatch/middleware/templates/rescues/_request_and_response.html.erb
  Rendered /var/lib/gems/2.3.0/gems/actionpack-5.0.2/lib/action_dispatch/middleware/templates/rescues/_request_and_response.html.erb (2.4ms)
  Rendered /var/lib/gems/2.3.0/gems/actionpack-5.0.2/lib/action_dispatch/middleware/templates/rescues/routing_error.html.erb within rescues/layout (134.5ms)
Started GET "/signout" for 127.0.0.1 at 2017-04-04 19:11:57 -0400
  
ActionController::RoutingError (uninitialized constant ApplicationControllerposts):
  
app/controllers/sessions_controller.rb:1:in `<top (required)>'
  Rendering /var/lib/gems/2.3.0/gems/actionpack-5.0.2/lib/action_dispatch/middleware/templates/rescues/routing_error.html.erb within rescues/layout
  Rendering /var/lib/gems/2.3.0/gems/actionpack-5.0.2/lib/action_dispatch/middleware/templates/rescues/_trace.html.erb
  Rendered /var/lib/gems/2.3.0/gems/actionpack-5.0.2/lib/action_dispatch/middleware/templates/rescues/_trace.html.erb (1.8ms)
  Rendered collection of /var/lib/gems/2.3.0/gems/actionpack-5.0.2/lib/action_dispatch/middleware/templates/routes/_route.html.erb [15 times] (5.5ms)
  Rendered /var/lib/gems/2.3.0/gems/actionpack-5.0.2/lib/action_dispatch/middleware/templates/routes/_table.html.erb (1.5ms)
  Rendering /var/lib/gems/2.3.0/gems/actionpack-5.0.2/lib/action_dispatch/middleware/templates/rescues/_request_and_response.html.erb
  Rendered /var/lib/gems/2.3.0/gems/actionpack-5.0.2/lib/action_dispatch/middleware/templates/rescues/_request_and_response.html.erb (1.3ms)
  Rendered /var/lib/gems/2.3.0/gems/actionpack-5.0.2/lib/action_dispatch/middleware/templates/rescues/routing_error.html.erb within rescues/layout (30.7ms)
Started GET "/" for 127.0.0.1 at 2017-04-04 19:12:01 -0400
Processing by LoginController#index as HTML
  Rendering login/index.html.erb within layouts/application
  Rendered login/index.html.erb within layouts/application (38.6ms)
Completed 200 OK in 57ms (Views: 55.6ms | ActiveRecord: 0.0ms)


Started GET "/auth/google_oauth2" for 127.0.0.1 at 2017-04-04 19:12:02 -0400
Started GET "/auth/google_oauth2" for 127.0.0.1 at 2017-04-04 19:12:02 -0400
Started GET "/auth/google_oauth2/callback?state=aa4f64192238bd4e4ebe28f35040df5ee14fd9a029015dd3&code=4/w14kJ3cchBhoAtr2xznq2yBboopM95WoRqt-rCAFysc" for 127.0.0.1 at 2017-04-04 19:12:02 -0400
  
ActionController::RoutingError (uninitialized constant ApplicationControllerposts):
  
app/controllers/sessions_controller.rb:1:in `<top (required)>'
  Rendering /var/lib/gems/2.3.0/gems/actionpack-5.0.2/lib/action_dispatch/middleware/templates/rescues/routing_error.html.erb within rescues/layout
  Rendering /var/lib/gems/2.3.0/gems/actionpack-5.0.2/lib/action_dispatch/middleware/templates/rescues/_trace.html.erb
  Rendered /var/lib/gems/2.3.0/gems/actionpack-5.0.2/lib/action_dispatch/middleware/templates/rescues/_trace.html.erb (4.4ms)
  Rendered collection of /var/lib/gems/2.3.0/gems/actionpack-5.0.2/lib/action_dispatch/middleware/templates/routes/_route.html.erb [15 times] (11.9ms)
  Rendered /var/lib/gems/2.3.0/gems/actionpack-5.0.2/lib/action_dispatch/middleware/templates/routes/_table.html.erb (3.2ms)
  Rendering /var/lib/gems/2.3.0/gems/actionpack-5.0.2/lib/action_dispatch/middleware/templates/rescues/_request_and_response.html.erb
  Rendered /var/lib/gems/2.3.0/gems/actionpack-5.0.2/lib/action_dispatch/middleware/templates/rescues/_request_and_response.html.erb (3.4ms)
  Rendered /var/lib/gems/2.3.0/gems/actionpack-5.0.2/lib/action_dispatch/middleware/templates/rescues/routing_error.html.erb within rescues/layout (75.0ms)
Started GET "/" for 127.0.0.1 at 2017-04-04 19:12:13 -0400
Processing by LoginController#index as HTML
  Rendering login/index.html.erb within layouts/application
  Rendered login/index.html.erb within layouts/application (53.0ms)
Completed 200 OK in 77ms (Views: 74.5ms | ActiveRecord: 0.0ms)


Started GET "/auth/google_oauth2" for 127.0.0.1 at 2017-04-04 19:12:14 -0400
Started GET "/auth/google_oauth2" for 127.0.0.1 at 2017-04-04 19:12:14 -0400
Started GET "/auth/google_oauth2/callback?state=8c8ae244c1c6c33d27904bc6921d272227f905d0b69cfd9b&code=4/0pdZX3pdgXNtDcuWUVFzS_h26oJXacBu8-A6YS4aOKc" for 127.0.0.1 at 2017-04-04 19:12:14 -0400
  
ActionController::RoutingError (uninitialized constant ApplicationControllerposts):
  
app/controllers/sessions_controller.rb:1:in `<top (required)>'
  Rendering /var/lib/gems/2.3.0/gems/actionpack-5.0.2/lib/action_dispatch/middleware/templates/rescues/routing_error.html.erb within rescues/layout
  Rendering /var/lib/gems/2.3.0/gems/actionpack-5.0.2/lib/action_dispatch/middleware/templates/rescues/_trace.html.erb
  Rendered /var/lib/gems/2.3.0/gems/actionpack-5.0.2/lib/action_dispatch/middleware/templates/rescues/_trace.html.erb (3.4ms)
  Rendered collection of /var/lib/gems/2.3.0/gems/actionpack-5.0.2/lib/action_dispatch/middleware/templates/routes/_route.html.erb [15 times] (11.6ms)
  Rendered /var/lib/gems/2.3.0/gems/actionpack-5.0.2/lib/action_dispatch/middleware/templates/routes/_table.html.erb (2.0ms)
  Rendering /var/lib/gems/2.3.0/gems/actionpack-5.0.2/lib/action_dispatch/middleware/templates/rescues/_request_and_response.html.erb
  Rendered /var/lib/gems/2.3.0/gems/actionpack-5.0.2/lib/action_dispatch/middleware/templates/rescues/_request_and_response.html.erb (1.6ms)
  Rendered /var/lib/gems/2.3.0/gems/actionpack-5.0.2/lib/action_dispatch/middleware/templates/rescues/routing_error.html.erb within rescues/layout (53.5ms)
Started GET "/posts" for 127.0.0.1 at 2017-04-04 19:12:35 -0400
Processing by PostsController#index as HTML
  Rendering posts/index.html.erb within layouts/application
  [1m[36mPost Load (0.6ms)[0m  [1m[34mSELECT "posts".* FROM "posts"[0m
  Rendered posts/index.html.erb within layouts/application (4.2ms)
Completed 200 OK in 55ms (Views: 49.4ms | ActiveRecord: 0.9ms)


Started GET "/signout" for 127.0.0.1 at 2017-04-04 19:12:37 -0400
  
ActionController::RoutingError (uninitialized constant ApplicationControllerposts):
  
app/controllers/sessions_controller.rb:1:in `<top (required)>'
  Rendering /var/lib/gems/2.3.0/gems/actionpack-5.0.2/lib/action_dispatch/middleware/templates/rescues/routing_error.html.erb within rescues/layout
  Rendering /var/lib/gems/2.3.0/gems/actionpack-5.0.2/lib/action_dispatch/middleware/templates/rescues/_trace.html.erb
  Rendered /var/lib/gems/2.3.0/gems/actionpack-5.0.2/lib/action_dispatch/middleware/templates/rescues/_trace.html.erb (1.8ms)
  Rendered collection of /var/lib/gems/2.3.0/gems/actionpack-5.0.2/lib/action_dispatch/middleware/templates/routes/_route.html.erb [15 times] (5.1ms)
  Rendered /var/lib/gems/2.3.0/gems/actionpack-5.0.2/lib/action_dispatch/middleware/templates/routes/_table.html.erb (1.4ms)
  Rendering /var/lib/gems/2.3.0/gems/actionpack-5.0.2/lib/action_dispatch/middleware/templates/rescues/_request_and_response.html.erb
  Rendered /var/lib/gems/2.3.0/gems/actionpack-5.0.2/lib/action_dispatch/middleware/templates/rescues/_request_and_response.html.erb (1.3ms)
  Rendered /var/lib/gems/2.3.0/gems/actionpack-5.0.2/lib/action_dispatch/middleware/templates/rescues/routing_error.html.erb within rescues/layout (33.9ms)
Started GET "/signout" for 127.0.0.1 at 2017-04-04 19:15:32 -0400
  [1m[36mActiveRecord::SchemaMigration Load (0.2ms)[0m  [1m[34mSELECT "schema_migrations".* FROM "schema_migrations"[0m
  
ActionController::RoutingError (uninitialized constant ApplicationControllerposts):
  
app/controllers/sessions_controller.rb:1:in `<top (required)>'
  Rendering /var/lib/gems/2.3.0/gems/actionpack-5.0.2/lib/action_dispatch/middleware/templates/rescues/routing_error.html.erb within rescues/layout
  Rendering /var/lib/gems/2.3.0/gems/actionpack-5.0.2/lib/action_dispatch/middleware/templates/rescues/_trace.html.erb
  Rendered /var/lib/gems/2.3.0/gems/actionpack-5.0.2/lib/action_dispatch/middleware/templates/rescues/_trace.html.erb (3.9ms)
  Rendered collection of /var/lib/gems/2.3.0/gems/actionpack-5.0.2/lib/action_dispatch/middleware/templates/routes/_route.html.erb [15 times] (10.6ms)
  Rendered /var/lib/gems/2.3.0/gems/actionpack-5.0.2/lib/action_dispatch/middleware/templates/routes/_table.html.erb (12.2ms)
  Rendering /var/lib/gems/2.3.0/gems/actionpack-5.0.2/lib/action_dispatch/middleware/templates/rescues/_request_and_response.html.erb
  Rendered /var/lib/gems/2.3.0/gems/actionpack-5.0.2/lib/action_dispatch/middleware/templates/rescues/_request_and_response.html.erb (16.5ms)
  Rendered /var/lib/gems/2.3.0/gems/actionpack-5.0.2/lib/action_dispatch/middleware/templates/rescues/routing_error.html.erb within rescues/layout (96.4ms)
Started GET "/" for 127.0.0.1 at 2017-04-04 19:15:36 -0400
Processing by LoginController#index as HTML
  Rendering login/index.html.erb within layouts/application
  Rendered login/index.html.erb within layouts/application (595.1ms)
Completed 200 OK in 622ms (Views: 619.9ms | ActiveRecord: 0.0ms)


Started GET "/" for 127.0.0.1 at 2017-04-04 19:16:17 -0400
Processing by LoginController#index as HTML
  Rendering login/index.html.erb within layouts/application
  Rendered login/index.html.erb within layouts/application (115.3ms)
Completed 200 OK in 153ms (Views: 150.9ms | ActiveRecord: 0.0ms)


Started GET "/auth/google_oauth2" for 127.0.0.1 at 2017-04-04 19:16:29 -0400
Started GET "/auth/google_oauth2" for 127.0.0.1 at 2017-04-04 19:16:29 -0400
Started GET "/auth/google_oauth2/callback?state=a0ce99fb4bac0cc5830ea34a15d3348f2957d9e70fcb08ba&code=4/dG3TOja4LKOfCZK-0XCrIH1oO5iqBwzvQQWKtVM7F70" for 127.0.0.1 at 2017-04-04 19:16:30 -0400
Processing by SessionsController#create as HTML
  Parameters: {"state"=>"a0ce99fb4bac0cc5830ea34a15d3348f2957d9e70fcb08ba", "code"=>"4/dG3TOja4LKOfCZK-0XCrIH1oO5iqBwzvQQWKtVM7F70", "provider"=>"google_oauth2"}
DEPRECATION WARNING: env is deprecated and will be removed from Rails 5.1 (called from create at /home/ttkim/Desktop/FreshAuth/app/controllers/sessions_controller.rb:3)
  [1m[36mUser Load (0.3ms)[0m  [1m[34mSELECT  "users".* FROM "users" WHERE "users"."provider" = ? AND "users"."uid" = ? ORDER BY "users"."id" ASC LIMIT ?[0m  [["provider", "google_oauth2"], ["uid", "108513084629689564112"], ["LIMIT", 1]]
  [1m[35m (0.1ms)[0m  [1m[36mbegin transaction[0m
  [1m[35mSQL (2.5ms)[0m  [1m[33mUPDATE "users" SET "oauth_token" = ?, "oauth_expires_at" = ?, "updated_at" = ? WHERE "users"."id" = ?[0m  [["oauth_token", "ya29.GlsjBGR_d1YaoUpS3hKOEZT6mOTVMZ6DpVhOO6Buj5StLEByPbf5DELNCp5cZBKIkQp5cpzX18zDdjkqxRPq8QMA4Y8mkHoPvcO9mhETbDPDctglrz30sWgxKWtR"], ["oauth_expires_at", 2017-04-05 00:16:30 UTC], ["updated_at", 2017-04-04 23:16:30 UTC], ["id", 1]]
  [1m[35m (138.2ms)[0m  [1m[36mcommit transaction[0m
Redirected to http://localhost:3000/posts
Completed 302 Found in 173ms (ActiveRecord: 142.8ms)


Started GET "/posts" for 127.0.0.1 at 2017-04-04 19:16:30 -0400
Processing by PostsController#index as HTML
  Rendering posts/index.html.erb within layouts/application
  [1m[36mPost Load (0.2ms)[0m  [1m[34mSELECT "posts".* FROM "posts"[0m
  Rendered posts/index.html.erb within layouts/application (2.6ms)
Completed 200 OK in 47ms (Views: 42.6ms | ActiveRecord: 0.4ms)


Started GET "/signout" for 127.0.0.1 at 2017-04-04 19:16:32 -0400
Processing by SessionsController#destroy as HTML
Redirected to http://localhost:3000/
Completed 302 Found in 4ms (ActiveRecord: 0.0ms)


Started GET "/" for 127.0.0.1 at 2017-04-04 19:16:32 -0400
Processing by LoginController#index as HTML
  Rendering login/index.html.erb within layouts/application
  Rendered login/index.html.erb within layouts/application (25.6ms)
Completed 200 OK in 36ms (Views: 35.1ms | ActiveRecord: 0.0ms)


Started GET "/" for 127.0.0.1 at 2017-04-15 16:21:31 -0400
Started GET "/" for 127.0.0.1 at 2017-04-15 16:21:31 -0400
  [1m[36mActiveRecord::SchemaMigration Load (0.3ms)[0m  [1m[34mSELECT "schema_migrations".* FROM "schema_migrations"[0m
  [1m[36mActiveRecord::SchemaMigration Load (0.2ms)[0m  [1m[34mSELECT "schema_migrations".* FROM "schema_migrations"[0m
Processing by LoginController#index as HTML
Processing by LoginController#index as HTML
  Rendering login/index.html.erb within layouts/application
  Rendering login/index.html.erb within layouts/application
  Rendered login/index.html.erb within layouts/application (704.5ms)
  Rendered login/index.html.erb within layouts/application (706.5ms)
Completed 200 OK in 758ms (Views: 737.2ms | ActiveRecord: 0.0ms)


Completed 200 OK in 762ms (Views: 745.7ms | ActiveRecord: 0.0ms)


Started GET "/auth/google_oauth2" for 127.0.0.1 at 2017-04-15 16:21:35 -0400
Started GET "/auth/google_oauth2" for 127.0.0.1 at 2017-04-15 16:21:35 -0400
Started GET "/auth/google_oauth2/callback?state=f39804703f1aec5aaae03db48770311ad4026495b906e389&code=4/oj1Rzfsh_n1neRt9rHLtWuayQeSjJfd51AhmNDRc_lI" for 127.0.0.1 at 2017-04-15 16:21:35 -0400
Processing by SessionsController#create as HTML
  Parameters: {"state"=>"f39804703f1aec5aaae03db48770311ad4026495b906e389", "code"=>"4/oj1Rzfsh_n1neRt9rHLtWuayQeSjJfd51AhmNDRc_lI", "provider"=>"google_oauth2"}
DEPRECATION WARNING: env is deprecated and will be removed from Rails 5.1 (called from create at /home/ttkim/Desktop/KarmaWeb/app/controllers/sessions_controller.rb:3)
  [1m[36mUser Load (0.3ms)[0m  [1m[34mSELECT  "users".* FROM "users" WHERE "users"."provider" = ? AND "users"."uid" = ? ORDER BY "users"."id" ASC LIMIT ?[0m  [["provider", "google_oauth2"], ["uid", "108513084629689564112"], ["LIMIT", 1]]
  [1m[35m (0.1ms)[0m  [1m[36mbegin transaction[0m
  [1m[35mSQL (1.1ms)[0m  [1m[33mUPDATE "users" SET "oauth_token" = ?, "oauth_expires_at" = ?, "updated_at" = ? WHERE "users"."id" = ?[0m  [["oauth_token", "ya29.GlwuBPg_zxQiY2eQfs1TrtwsWPOgVaCkKKcVSLaThzaPmuwk89y9Ox4wttNWFLZodSBu7lpNQBq_1Bj2O_rXzMeID5U0-OtPlfYK9fjdqCjQTQeMHW4-NjDt1iav6w"], ["oauth_expires_at", 2017-04-15 21:21:35 UTC], ["updated_at", 2017-04-15 20:21:35 UTC], ["id", 1]]
  [1m[35m (100.3ms)[0m  [1m[36mcommit transaction[0m
Redirected to http://localhost:3000/posts
Completed 302 Found in 126ms (ActiveRecord: 103.0ms)


Started GET "/posts" for 127.0.0.1 at 2017-04-15 16:21:36 -0400
Processing by PostsController#index as HTML
  Rendering posts/index.html.erb within layouts/application
  [1m[36mPost Load (0.2ms)[0m  [1m[34mSELECT "posts".* FROM "posts"[0m
  Rendered posts/index.html.erb within layouts/application (3.5ms)
Completed 200 OK in 31ms (Views: 27.9ms | ActiveRecord: 0.6ms)


Started GET "/signout" for 127.0.0.1 at 2017-04-15 16:21:38 -0400
Processing by SessionsController#destroy as HTML
Redirected to http://localhost:3000/
Completed 302 Found in 2ms (ActiveRecord: 0.0ms)


Started GET "/" for 127.0.0.1 at 2017-04-15 16:21:38 -0400
Processing by LoginController#index as HTML
  Rendering login/index.html.erb within layouts/application
  Rendered login/index.html.erb within layouts/application (32.3ms)
Completed 200 OK in 52ms (Views: 50.0ms | ActiveRecord: 0.0ms)


Started GET "/" for 127.0.0.1 at 2017-04-15 16:23:04 -0400
Processing by LoginController#index as HTML
  Rendering login/index.html.erb within layouts/application
  Rendered login/index.html.erb within layouts/application (97.2ms)
Completed 200 OK in 107ms (Views: 106.1ms | ActiveRecord: 0.0ms)


Started GET "/auth/google_oauth2" for 127.0.0.1 at 2017-04-15 16:23:07 -0400
Started GET "/auth/google_oauth2" for 127.0.0.1 at 2017-04-15 16:23:07 -0400
Started GET "/auth/google_oauth2/callback?state=e669e2cc4a241a2aa1534f812762ac7b95fa67c3ca8035d8&code=4/W-bHbG0uvfdWOWVXMy0O9QMBl8kIKHQYwacaqtgxROs" for 127.0.0.1 at 2017-04-15 16:23:07 -0400
Processing by SessionsController#create as HTML
  Parameters: {"state"=>"e669e2cc4a241a2aa1534f812762ac7b95fa67c3ca8035d8", "code"=>"4/W-bHbG0uvfdWOWVXMy0O9QMBl8kIKHQYwacaqtgxROs", "provider"=>"google_oauth2"}
DEPRECATION WARNING: env is deprecated and will be removed from Rails 5.1 (called from create at /home/ttkim/Desktop/KarmaWeb/app/controllers/sessions_controller.rb:3)
  [1m[36mUser Load (0.4ms)[0m  [1m[34mSELECT  "users".* FROM "users" WHERE "users"."provider" = ? AND "users"."uid" = ? ORDER BY "users"."id" ASC LIMIT ?[0m  [["provider", "google_oauth2"], ["uid", "108513084629689564112"], ["LIMIT", 1]]
  [1m[35m (0.1ms)[0m  [1m[36mbegin transaction[0m
  [1m[35mSQL (0.4ms)[0m  [1m[33mUPDATE "users" SET "oauth_token" = ?, "oauth_expires_at" = ?, "updated_at" = ? WHERE "users"."id" = ?[0m  [["oauth_token", "ya29.GlwuBBOr-MytI-6tpVWYx-ZwbT_9IqQYrzghM9q6QPueyU7eLEYWSPL2AyYENt1DdWrqgccgnmlux8XvB6-Xy95igJ_D9leTaof2UMw-2ryWSDeRr5ewj6iYQ7PB9A"], ["oauth_expires_at", 2017-04-15 21:23:07 UTC], ["updated_at", 2017-04-15 20:23:08 UTC], ["id", 1]]
  [1m[35m (83.3ms)[0m  [1m[36mcommit transaction[0m
Completed 500 Internal Server Error in 425ms (ActiveRecord: 86.4ms)


  
NameError (undefined local variable or method `posts_path' for #<SessionsController:0x007fc05856cb40>):
  
app/controllers/sessions_controller.rb:5:in `create'
  Rendering /var/lib/gems/2.3.0/gems/actionpack-5.0.2/lib/action_dispatch/middleware/templates/rescues/diagnostics.html.erb within rescues/layout
  Rendering /var/lib/gems/2.3.0/gems/actionpack-5.0.2/lib/action_dispatch/middleware/templates/rescues/_source.html.erb
  Rendered /var/lib/gems/2.3.0/gems/actionpack-5.0.2/lib/action_dispatch/middleware/templates/rescues/_source.html.erb (6.5ms)
  Rendering /var/lib/gems/2.3.0/gems/actionpack-5.0.2/lib/action_dispatch/middleware/templates/rescues/_trace.html.erb
  Rendered /var/lib/gems/2.3.0/gems/actionpack-5.0.2/lib/action_dispatch/middleware/templates/rescues/_trace.html.erb (4.1ms)
  Rendering /var/lib/gems/2.3.0/gems/actionpack-5.0.2/lib/action_dispatch/middleware/templates/rescues/_request_and_response.html.erb
  Rendered /var/lib/gems/2.3.0/gems/actionpack-5.0.2/lib/action_dispatch/middleware/templates/rescues/_request_and_response.html.erb (3.1ms)
  Rendered /var/lib/gems/2.3.0/gems/actionpack-5.0.2/lib/action_dispatch/middleware/templates/rescues/diagnostics.html.erb within rescues/layout (191.8ms)
Started GET "/" for 127.0.0.1 at 2017-04-17 20:12:51 -0400
Started GET "/" for 127.0.0.1 at 2017-04-17 20:12:52 -0400
  [1m[36mActiveRecord::SchemaMigration Load (0.4ms)[0m  [1m[34mSELECT "schema_migrations".* FROM "schema_migrations"[0m
  [1m[36mActiveRecord::SchemaMigration Load (0.4ms)[0m  [1m[34mSELECT "schema_migrations".* FROM "schema_migrations"[0m
Processing by LoginController#index as HTML
Processing by LoginController#index as HTML
  Rendering login/index.html.erb within layouts/application
  Rendering login/index.html.erb within layouts/application
  Rendered login/index.html.erb within layouts/application (1982.2ms)
  Rendered login/index.html.erb within layouts/application (2000.0ms)
Completed 200 OK in 2090ms (Views: 2045.4ms | ActiveRecord: 0.0ms)


Completed 200 OK in 2115ms (Views: 2060.5ms | ActiveRecord: 0.0ms)


  [1m[36mActiveRecord::SchemaMigration Load (0.2ms)[0m  [1m[34mSELECT "schema_migrations".* FROM "schema_migrations"[0m
Migrating to CreateOrders (20170418001427)
  [1m[35m (0.1ms)[0m  [1m[36mbegin transaction[0m
  [1m[35m (1.2ms)[0m  [1m[35mCREATE TABLE "orders" ("id" INTEGER PRIMARY KEY AUTOINCREMENT NOT NULL, "name" varchar, "circleName" varchar, "requestUserName" varchar, "acceptUserName" varchar, "category" varchar, "fromLocation" varchar, "toDestination" varchar, "instant" boolean, "preOrderTime" datetime, "cost" decimal, "created_at" datetime NOT NULL, "updated_at" datetime NOT NULL)[0m
  [1m[35mSQL (0.2ms)[0m  [1m[32mINSERT INTO "schema_migrations" ("version") VALUES (?)[0m  [["version", "20170418001427"]]
  [1m[35m (79.0ms)[0m  [1m[36mcommit transaction[0m
Migrating to AddColumnsToUsers (20170418001622)
  [1m[35m (0.1ms)[0m  [1m[36mbegin transaction[0m
  [1m[35m (0.4ms)[0m  [1m[35mALTER TABLE "users" ADD "email" varchar[0m
  [1m[35m (0.3ms)[0m  [1m[35mALTER TABLE "users" ADD "fullName" varchar[0m
  [1m[35m (0.3ms)[0m  [1m[35mALTER TABLE "users" ADD "karmaPoints" decimal[0m
  [1m[35m (0.3ms)[0m  [1m[35mALTER TABLE "users" ADD "circleName" varchar[0m
  [1m[35m (0.3ms)[0m  [1m[35mALTER TABLE "users" ADD "homeLocation" varchar[0m
  [1m[35mSQL (0.2ms)[0m  [1m[32mINSERT INTO "schema_migrations" ("version") VALUES (?)[0m  [["version", "20170418001622"]]
  [1m[35m (100.1ms)[0m  [1m[36mcommit transaction[0m
  [1m[36mActiveRecord::InternalMetadata Load (6.7ms)[0m  [1m[34mSELECT  "ar_internal_metadata".* FROM "ar_internal_metadata" WHERE "ar_internal_metadata"."key" = ? LIMIT ?[0m  [["key", :environment], ["LIMIT", 1]]
  [1m[35m (0.1ms)[0m  [1m[36mbegin transaction[0m
  [1m[35m (0.1ms)[0m  [1m[36mcommit transaction[0m
  [1m[36mActiveRecord::SchemaMigration Load (0.2ms)[0m  [1m[34mSELECT "schema_migrations".* FROM "schema_migrations"[0m
Started GET "/" for 127.0.0.1 at 2017-04-17 20:17:18 -0400
  [1m[36mActiveRecord::SchemaMigration Load (0.3ms)[0m  [1m[34mSELECT "schema_migrations".* FROM "schema_migrations"[0m
Processing by LoginController#index as HTML
  Rendering login/index.html.erb within layouts/application
  Rendered login/index.html.erb within layouts/application (902.7ms)
Completed 200 OK in 957ms (Views: 930.4ms | ActiveRecord: 0.0ms)


Started GET "/auth/google_oauth2" for 127.0.0.1 at 2017-04-17 20:17:21 -0400
Started GET "/auth/google_oauth2" for 127.0.0.1 at 2017-04-17 20:17:21 -0400
Started GET "/auth/google_oauth2/callback?state=a44e6c2f0218ad388d542b2e019b20318fcbe514834bbdaa&code=4/oPG6wEzh9_dL0UjDadUadH5XK5UC_n3DgxxWPA4UTH4" for 127.0.0.1 at 2017-04-17 20:17:22 -0400
Processing by SessionsController#create as HTML
  Parameters: {"state"=>"a44e6c2f0218ad388d542b2e019b20318fcbe514834bbdaa", "code"=>"4/oPG6wEzh9_dL0UjDadUadH5XK5UC_n3DgxxWPA4UTH4", "provider"=>"google_oauth2"}
DEPRECATION WARNING: env is deprecated and will be removed from Rails 5.1 (called from create at /home/ttkim/Desktop/KarmaWeb/app/controllers/sessions_controller.rb:3)
  [1m[36mUser Load (0.4ms)[0m  [1m[34mSELECT  "users".* FROM "users" WHERE "users"."provider" = ? AND "users"."uid" = ? ORDER BY "users"."id" ASC LIMIT ?[0m  [["provider", "google_oauth2"], ["uid", "108513084629689564112"], ["LIMIT", 1]]
  [1m[35m (0.2ms)[0m  [1m[36mbegin transaction[0m
  [1m[35mSQL (0.5ms)[0m  [1m[33mUPDATE "users" SET "oauth_token" = ?, "oauth_expires_at" = ?, "updated_at" = ? WHERE "users"."id" = ?[0m  [["oauth_token", "ya29.GlwxBFSgkGeJN8fovtjtjDIL-sDSdrcW-KcCEqWyX4enKPIpOkOoVZpVIjrmV-Nrp6OlWAZibUIGNrJjAMDJ5K6qz_RVDhGIrSCpoHM62N9W_fRXxpRZuLP2tl7U9w"], ["oauth_expires_at", 2017-04-18 01:17:22 UTC], ["updated_at", 2017-04-18 00:17:22 UTC], ["id", 1]]
  [1m[35m (172.0ms)[0m  [1m[36mcommit transaction[0m
Completed 500 Internal Server Error in 584ms (ActiveRecord: 174.1ms)


  
NameError (undefined local variable or method `posts_path' for #<SessionsController:0x00000003599f18>):
  
app/controllers/sessions_controller.rb:5:in `create'
  Rendering /var/lib/gems/2.3.0/gems/actionpack-5.0.2/lib/action_dispatch/middleware/templates/rescues/diagnostics.html.erb within rescues/layout
  Rendering /var/lib/gems/2.3.0/gems/actionpack-5.0.2/lib/action_dispatch/middleware/templates/rescues/_source.html.erb
  Rendered /var/lib/gems/2.3.0/gems/actionpack-5.0.2/lib/action_dispatch/middleware/templates/rescues/_source.html.erb (5.9ms)
  Rendering /var/lib/gems/2.3.0/gems/actionpack-5.0.2/lib/action_dispatch/middleware/templates/rescues/_trace.html.erb
  Rendered /var/lib/gems/2.3.0/gems/actionpack-5.0.2/lib/action_dispatch/middleware/templates/rescues/_trace.html.erb (2.6ms)
  Rendering /var/lib/gems/2.3.0/gems/actionpack-5.0.2/lib/action_dispatch/middleware/templates/rescues/_request_and_response.html.erb
  Rendered /var/lib/gems/2.3.0/gems/actionpack-5.0.2/lib/action_dispatch/middleware/templates/rescues/_request_and_response.html.erb (1.1ms)
  Rendered /var/lib/gems/2.3.0/gems/actionpack-5.0.2/lib/action_dispatch/middleware/templates/rescues/diagnostics.html.erb within rescues/layout (107.0ms)
Started GET "/" for 127.0.0.1 at 2017-04-17 20:18:00 -0400
Processing by LoginController#index as HTML
  Rendering login/index.html.erb within layouts/application
  Rendered login/index.html.erb within layouts/application (21.3ms)
Completed 200 OK in 34ms (Views: 32.9ms | ActiveRecord: 0.0ms)


Started GET "/auth/google_oauth2" for 127.0.0.1 at 2017-04-17 20:18:02 -0400
Started GET "/auth/google_oauth2" for 127.0.0.1 at 2017-04-17 20:18:02 -0400
Started GET "/auth/google_oauth2/callback?state=2e51cd73629d8d55910cc50cf290d5c570ee49156c42bc83&code=4/jnbdXG7Cy5wXT3tRK_X96-kpU8A4ocRXIHaBeDolNU0" for 127.0.0.1 at 2017-04-17 20:18:02 -0400
Processing by SessionsController#create as HTML
  Parameters: {"state"=>"2e51cd73629d8d55910cc50cf290d5c570ee49156c42bc83", "code"=>"4/jnbdXG7Cy5wXT3tRK_X96-kpU8A4ocRXIHaBeDolNU0", "provider"=>"google_oauth2"}
DEPRECATION WARNING: env is deprecated and will be removed from Rails 5.1 (called from create at /home/ttkim/Desktop/KarmaWeb/app/controllers/sessions_controller.rb:3)
  [1m[36mUser Load (0.3ms)[0m  [1m[34mSELECT  "users".* FROM "users" WHERE "users"."provider" = ? AND "users"."uid" = ? ORDER BY "users"."id" ASC LIMIT ?[0m  [["provider", "google_oauth2"], ["uid", "108513084629689564112"], ["LIMIT", 1]]
  [1m[35m (0.1ms)[0m  [1m[36mbegin transaction[0m
  [1m[35mSQL (0.4ms)[0m  [1m[33mUPDATE "users" SET "oauth_token" = ?, "oauth_expires_at" = ?, "updated_at" = ? WHERE "users"."id" = ?[0m  [["oauth_token", "ya29.GlwxBLR3kNTxe92CgCj6_kyTX_2JT0_SyhSDF9iGWkpcrGs7ipFY79zV3gDqFziLj8wDUNfRRfMzMQd3MQC0rBMFfWzLFivPWSupAXLL0ot7XmEkM4M4MLN06Har7g"], ["oauth_expires_at", 2017-04-18 01:18:02 UTC], ["updated_at", 2017-04-18 00:18:03 UTC], ["id", 1]]
  [1m[35m (142.1ms)[0m  [1m[36mcommit transaction[0m
Redirected to http://localhost:3000/orders
Completed 302 Found in 171ms (ActiveRecord: 144.2ms)


Started GET "/orders" for 127.0.0.1 at 2017-04-17 20:18:03 -0400
Processing by OrdersController#index as HTML
  Rendering orders/index.html.erb within layouts/application
  [1m[36mOrder Load (0.5ms)[0m  [1m[34mSELECT "orders".* FROM "orders"[0m
  Rendered orders/index.html.erb within layouts/application (5.5ms)
Completed 200 OK in 65ms (Views: 60.5ms | ActiveRecord: 0.9ms)


Started GET "/auth/google_oauth2" for 127.0.0.1 at 2017-04-17 20:18:46 -0400
Started GET "/auth/google_oauth2" for 127.0.0.1 at 2017-04-17 20:18:46 -0400
Started GET "/auth/google_oauth2/callback?state=169d357b01116a2bcf5da3123775c054be8befd5d7d7fc7b&code=4/vXC2JEkSj9AuVK2jEsNJv-DOU_tw2T9T3YlsmRG0Dus" for 127.0.0.1 at 2017-04-17 20:18:46 -0400
Processing by SessionsController#create as HTML
  Parameters: {"state"=>"169d357b01116a2bcf5da3123775c054be8befd5d7d7fc7b", "code"=>"4/vXC2JEkSj9AuVK2jEsNJv-DOU_tw2T9T3YlsmRG0Dus", "provider"=>"google_oauth2"}
DEPRECATION WARNING: env is deprecated and will be removed from Rails 5.1 (called from create at /home/ttkim/Desktop/KarmaWeb/app/controllers/sessions_controller.rb:3)
  [1m[36mUser Load (0.4ms)[0m  [1m[34mSELECT  "users".* FROM "users" WHERE "users"."provider" = ? AND "users"."uid" = ? ORDER BY "users"."id" ASC LIMIT ?[0m  [["provider", "google_oauth2"], ["uid", "108513084629689564112"], ["LIMIT", 1]]
  [1m[35m (0.0ms)[0m  [1m[36mbegin transaction[0m
  [1m[35mSQL (0.9ms)[0m  [1m[33mUPDATE "users" SET "oauth_token" = ?, "oauth_expires_at" = ?, "updated_at" = ? WHERE "users"."id" = ?[0m  [["oauth_token", "ya29.GlwxBA7AoFsXQCeNouFNetSOpoGtv8Y2NphB_YLQaFSCj0b0bpjd5nAH4HSOVlg_UD3kt59GQ6TWdnOL7BBG1BzCjGsOJ7xpSTXWpzI82yTuqIImgPmhZcuR223C-Q"], ["oauth_expires_at", 2017-04-18 01:18:46 UTC], ["updated_at", 2017-04-18 00:18:46 UTC], ["id", 1]]
  [1m[35m (118.8ms)[0m  [1m[36mcommit transaction[0m
Redirected to http://localhost:3000/orders
Completed 302 Found in 125ms (ActiveRecord: 120.1ms)


Started GET "/orders" for 127.0.0.1 at 2017-04-17 20:18:47 -0400
Processing by OrdersController#index as HTML
  Rendering orders/index.html.erb within layouts/application
  [1m[36mOrder Load (0.2ms)[0m  [1m[34mSELECT "orders".* FROM "orders"[0m
  Rendered orders/index.html.erb within layouts/application (2.3ms)
Completed 200 OK in 55ms (Views: 53.0ms | ActiveRecord: 0.2ms)


Started GET "/auth/google_oauth2" for 127.0.0.1 at 2017-04-17 20:29:26 -0400
  [1m[36mActiveRecord::SchemaMigration Load (0.2ms)[0m  [1m[34mSELECT "schema_migrations".* FROM "schema_migrations"[0m
Started GET "/auth/google_oauth2" for 127.0.0.1 at 2017-04-17 20:29:26 -0400
Started GET "/auth/google_oauth2/callback?state=2e2d2c0b440193b3ea389a20c6b7f3bb1a2f4578fa94ab24&code=4/ZU7m28XgTX5qH887ZINen3HOsI9I8pL_Lf5RpccaU90" for 127.0.0.1 at 2017-04-17 20:29:27 -0400
Processing by SessionsController#create as HTML
  Parameters: {"state"=>"2e2d2c0b440193b3ea389a20c6b7f3bb1a2f4578fa94ab24", "code"=>"4/ZU7m28XgTX5qH887ZINen3HOsI9I8pL_Lf5RpccaU90", "provider"=>"google_oauth2"}
DEPRECATION WARNING: env is deprecated and will be removed from Rails 5.1 (called from create at /home/ttkim/Desktop/KarmaWeb/app/controllers/sessions_controller.rb:3)
  [1m[36mUser Load (0.2ms)[0m  [1m[34mSELECT  "users".* FROM "users" WHERE "users"."provider" = ? AND "users"."uid" = ? ORDER BY "users"."id" ASC LIMIT ?[0m  [["provider", "google_oauth2"], ["uid", "108513084629689564112"], ["LIMIT", 1]]
  [1m[35m (0.1ms)[0m  [1m[36mbegin transaction[0m
  [1m[35mSQL (1.9ms)[0m  [1m[33mUPDATE "users" SET "oauth_token" = ?, "oauth_expires_at" = ?, "updated_at" = ? WHERE "users"."id" = ?[0m  [["oauth_token", "ya29.GlwxBIturRJ5q8yhM_jWOSG5dPdkVwgsYuzIPOkCUlqgO85cxv1vc96aWBAR-NFVv1dRho8OtHIon5exbnBgeuW3JV-GyALM0ZxlYyEbAJz7CqE2CzTFlaehl5hC5g"], ["oauth_expires_at", 2017-04-18 01:29:27 UTC], ["updated_at", 2017-04-18 00:29:27 UTC], ["id", 1]]
  [1m[35m (135.4ms)[0m  [1m[36mcommit transaction[0m
Redirected to http://localhost:3000/orders
Completed 302 Found in 172ms (ActiveRecord: 138.5ms)


Started GET "/orders" for 127.0.0.1 at 2017-04-17 20:29:27 -0400
Processing by OrdersController#index as HTML
  Rendering orders/index.html.erb within layouts/application
  [1m[36mOrder Load (0.2ms)[0m  [1m[34mSELECT "orders".* FROM "orders"[0m
  Rendered orders/index.html.erb within layouts/application (4.6ms)
Completed 200 OK in 468ms (Views: 464.3ms | ActiveRecord: 0.6ms)


Started GET "/orders/new" for 127.0.0.1 at 2017-04-17 20:29:29 -0400
Processing by OrdersController#new as HTML
  Rendering orders/new.html.erb within layouts/application
  Rendered orders/_form.html.erb (191.4ms)
  Rendered orders/new.html.erb within layouts/application (195.7ms)
Completed 200 OK in 423ms (Views: 327.2ms | ActiveRecord: 2.4ms)


Started GET "/orders" for 127.0.0.1 at 2017-04-17 20:30:34 -0400
Processing by OrdersController#index as HTML
  Rendering orders/index.html.erb within layouts/application
  [1m[36mOrder Load (0.8ms)[0m  [1m[34mSELECT "orders".* FROM "orders"[0m
  Rendered orders/index.html.erb within layouts/application (5.2ms)
Completed 200 OK in 78ms (Views: 70.1ms | ActiveRecord: 0.8ms)


  [1m[36mActiveRecord::SchemaMigration Load (0.2ms)[0m  [1m[34mSELECT "schema_migrations".* FROM "schema_migrations"[0m
Migrating to CreateCircles (20170418005345)
  [1m[35m (0.1ms)[0m  [1m[36mbegin transaction[0m
  [1m[35m (1.6ms)[0m  [1m[35mCREATE TABLE "circles" ("id" INTEGER PRIMARY KEY AUTOINCREMENT NOT NULL, "created_at" datetime NOT NULL, "updated_at" datetime NOT NULL)[0m
  [1m[35mSQL (0.2ms)[0m  [1m[32mINSERT INTO "schema_migrations" ("version") VALUES (?)[0m  [["version", "20170418005345"]]
  [1m[35m (269.4ms)[0m  [1m[36mcommit transaction[0m
Migrating to AddNameToCircles (20170418010126)
  [1m[35m (0.1ms)[0m  [1m[36mbegin transaction[0m
  [1m[35m (0.4ms)[0m  [1m[35mALTER TABLE "circles" ADD "name" varchar[0m
  [1m[35mSQL (0.2ms)[0m  [1m[32mINSERT INTO "schema_migrations" ("version") VALUES (?)[0m  [["version", "20170418010126"]]
  [1m[35m (63.1ms)[0m  [1m[36mcommit transaction[0m
Migrating to AddReferencesToOrder (20170418010516)
  [1m[35m (0.1ms)[0m  [1m[36mbegin transaction[0m
  [1m[35m (0.4ms)[0m  [1m[35mALTER TABLE "orders" ADD "circle_id" integer[0m
  [1m[35m (0.1ms)[0m  [1m[34mselect sqlite_version(*)[0m
  [1m[35m (0.2ms)[0m  [1m[35mCREATE  INDEX "index_orders_on_circle_id" ON "orders" ("circle_id")[0m
  [1m[35mSQL (0.1ms)[0m  [1m[32mINSERT INTO "schema_migrations" ("version") VALUES (?)[0m  [["version", "20170418010516"]]
  [1m[35m (123.1ms)[0m  [1m[36mcommit transaction[0m
Migrating to AddReferencesToUsers (20170418010545)
  [1m[35m (0.1ms)[0m  [1m[36mbegin transaction[0m
  [1m[35m (0.4ms)[0m  [1m[35mALTER TABLE "users" ADD "circle_id" integer[0m
  [1m[35m (0.2ms)[0m  [1m[35mCREATE  INDEX "index_users_on_circle_id" ON "users" ("circle_id")[0m
  [1m[35mSQL (0.2ms)[0m  [1m[32mINSERT INTO "schema_migrations" ("version") VALUES (?)[0m  [["version", "20170418010545"]]
  [1m[35m (197.8ms)[0m  [1m[36mcommit transaction[0m
  [1m[36mActiveRecord::InternalMetadata Load (0.2ms)[0m  [1m[34mSELECT  "ar_internal_metadata".* FROM "ar_internal_metadata" WHERE "ar_internal_metadata"."key" = ? LIMIT ?[0m  [["key", :environment], ["LIMIT", 1]]
  [1m[35m (0.1ms)[0m  [1m[36mbegin transaction[0m
  [1m[35m (0.0ms)[0m  [1m[36mcommit transaction[0m
  [1m[36mActiveRecord::SchemaMigration Load (0.1ms)[0m  [1m[34mSELECT "schema_migrations".* FROM "schema_migrations"[0m
  [1m[35m (0.2ms)[0m  [1m[34m            SELECT sql
            FROM sqlite_master
            WHERE name='index_orders_on_circle_id' AND type='index'
            UNION ALL
            SELECT sql
            FROM sqlite_temp_master
            WHERE name='index_orders_on_circle_id' AND type='index'
[0m
  [1m[35m (0.4ms)[0m  [1m[34m            SELECT sql
            FROM sqlite_master
            WHERE name='index_users_on_circle_id' AND type='index'
            UNION ALL
            SELECT sql
            FROM sqlite_temp_master
            WHERE name='index_users_on_circle_id' AND type='index'
[0m
  [1m[36mActiveRecord::SchemaMigration Load (0.2ms)[0m  [1m[34mSELECT "schema_migrations".* FROM "schema_migrations"[0m
  [1m[36mActiveRecord::InternalMetadata Load (0.3ms)[0m  [1m[34mSELECT  "ar_internal_metadata".* FROM "ar_internal_metadata" WHERE "ar_internal_metadata"."key" = ? LIMIT ?[0m  [["key", :environment], ["LIMIT", 1]]
  [1m[35m (0.1ms)[0m  [1m[36mbegin transaction[0m
  [1m[35m (0.1ms)[0m  [1m[36mcommit transaction[0m
  [1m[36mActiveRecord::SchemaMigration Load (0.1ms)[0m  [1m[34mSELECT "schema_migrations".* FROM "schema_migrations"[0m
  [1m[35m (0.2ms)[0m  [1m[34m            SELECT sql
            FROM sqlite_master
            WHERE name='index_orders_on_circle_id' AND type='index'
            UNION ALL
            SELECT sql
            FROM sqlite_temp_master
            WHERE name='index_orders_on_circle_id' AND type='index'
[0m
  [1m[35m (0.1ms)[0m  [1m[34m            SELECT sql
            FROM sqlite_master
            WHERE name='index_users_on_circle_id' AND type='index'
            UNION ALL
            SELECT sql
            FROM sqlite_temp_master
            WHERE name='index_users_on_circle_id' AND type='index'
[0m
